A	0x41	len=0		
B	0x42	len=0		
C	0x43	len=0		
D	0x44	len=0		
E	0x45	len=0		
F	0x46	len=0		
G	0x47	len=0		
H	0x48	len=0		
I	0x49	len=0		
J	0x4A	len=0		
K	0x4B	len=0		
L	0x4C	len=0		
M	0x4D	len=0		
N	0x4E	len=0		
O	0x4F	len=0		
P	0x50	len=43	;0000.00,050.6,070.4,1,AB0R  ,2,2,00.2,1.00	3B 30 30 30 30 2E 30 30 2C 30 35 30 2E 36 2C 30 37 30 2E 34 2C 31 2C 41 42 30 52 20 20 2C 32 2C 32 2C 30 30 2E 32 2C 31 2E 30 30
Q	0x51	len=0		
R	0x52	len=0		
S	0x53	len=0		
T	0x54	len=0		
U	0x55	len=0		
V	0x56	len=0		
W	0x57	len=0		
X	0x58	len=0		
Y	0x59	len=0		
Z	0x5A	len=0		
