A	0x41	len=0		
B	0x42	len=0		
C	0x43	len=0		
D	0x44	len=0		
E	0x45	len=0		
F	0x46	len=0		
G	0x47	len=0		
H	0x48	len=0		
I	0x49	len=0		
J	0x4A	len=0		
K	0x4B	len=0		
L	0x4C	len=0		
M	0x4D	len=0		
N	0x4E	len=0		
O	0x4F	len=0		
P	0x50	len=43	;0000.00,051.6,065.6,2,AB0R  ,2,0,-8.0,1.00	3B 30 30 30 30 2E 30 30 2C 30 35 31 2E 36 2C 30 36 35 2E 36 2C 32 2C 41 42 30 52 20 20 2C 32 2C 30 2C 2D 38 2E 30 2C 31 2E 30 30
Q	0x51	len=0		
R	0x52	len=0		
S	0x53	len=0		
T	0x54	len=0		
U	0x55	len=0		
V	0x56	len=0		
W	0x57	len=0		
X	0x58	len=0		
Y	0x59	len=0		
Z	0x5A	len=0		
a	0x61	len=0		
b	0x62	len=0		
c	0x63	len=0		
d	0x64	len=0		
e	0x65	len=0		
f	0x66	len=0		
g	0x67	len=0		
h	0x68	len=0		
i	0x69	len=0		
j	0x6A	len=0		
k	0x6B	len=0		
l	0x6C	len=0		
m	0x6D	len=0		
n	0x6E	len=0		
o	0x6F	len=0		
p	0x70	len=0		
q	0x71	len=0		
r	0x72	len=0		
s	0x73	len=0		
t	0x74	len=0		
u	0x75	len=0		
v	0x76	len=0		
w	0x77	len=0		
x	0x78	len=0		
y	0x79	len=0		
z	0x7A	len=0		
0	0x30	len=0		
1	0x31	len=0		
2	0x32	len=0		
3	0x33	len=0		
4	0x34	len=0		
5	0x35	len=0		
6	0x36	len=0		
7	0x37	len=0		
8	0x38	len=0		
9	0x39	len=0		
